<?xml version="1.0" encoding="UTF-8"?>
<!-- Generated by org.testng.reporters.JUnitReportReporter -->
<testsuite hostname="DESKTOP-9CPBSUT" failures="0" tests="4" name="com.section3.DemoTestng" time="34.822" errors="0" timestamp="2023-01-04T10:29:08 IST" skipped="0">
  <testcase classname="com.section3.DemoTestng" name="googleSerch" time="8.517"/>
  <system-out/>
  <testcase classname="com.section3.DemoTestng" name="googleSerch" time="13.583"/>
  <system-out/>
  <testcase classname="com.section3.DemoTestng" name="googleSerch" time="6.331"/>
  <system-out/>
  <testcase classname="com.section3.DemoTestng" name="googleSerch" time="6.391"/>
  <system-out/>
</testsuite> <!-- com.section3.DemoTestng -->
