<?xml version="1.0" encoding="UTF-8"?>
<!-- Generated by org.testng.reporters.JUnitReportReporter -->
<testsuite hostname="DESKTOP-9CPBSUT" failures="0" tests="1" name="Automation.testscript.DropdownHandling" time="10.035" errors="0" timestamp="2023-01-03T10:56:38 IST" skipped="0">
  <testcase classname="Automation.testscript.DropdownHandling" name="handleDropdown" time="10.035"/>
  <system-out/>
</testsuite> <!-- Automation.testscript.DropdownHandling -->
