<?xml version="1.0" encoding="UTF-8"?>
<!-- Generated by org.testng.reporters.JUnitReportReporter -->
<testsuite hostname="DESKTOP-9CPBSUT" failures="0" tests="1" name="Automation.testscript.AlertHandling" time="13.812" errors="0" timestamp="2023-01-05T10:36:53 IST" skipped="0">
  <testcase classname="Automation.testscript.AlertHandling" name="handleAlert" time="13.812"/>
  <system-out/>
</testsuite> <!-- Automation.testscript.AlertHandling -->
